{
  "RSpec": {
    "coverage": {
      "/home/practical-software-2612/tic-tac-toe-rb-dc-fasttrack-100519/lib/tic_tac_toe.rb": [
        null,
        null,
        1,
        null,
        null,
        null,
        null,
        null,
        null,
        null,
        null,
        null,
        null,
        null,
        1,
        2,
        2,
        2,
        2,
        2,
        null,
        null,
        1,
        null,
        3,
        3,
        null,
        null,
        1,
        3,
        null,
        null,
        null,
        null,
        1,
        0,
        0,
        null,
        null
      ]
    },
    "timestamp": 1570387385
  }
}
